\BOOKMARK [1][-]{section.1}{\376\377\133\236\232\214\123\237\164\006\116\016\145\271\150\110}{}% 1
\BOOKMARK [2][-]{subsection.1.1}{\376\377\133\236\232\214\166\356\166\204}{section.1}% 2
\BOOKMARK [2][-]{subsection.1.2}{\376\377\116\352\126\150\165\050\121\167}{section.1}% 3
\BOOKMARK [2][-]{subsection.1.3}{\376\377\133\236\232\214\133\211\121\150\154\350\141\017\116\213\230\171}{section.1}% 4
\BOOKMARK [2][-]{subsection.1.4}{\376\377\133\236\232\214\123\237\164\006}{section.1}% 5
\BOOKMARK [3][-]{subsubsection.1.4.1}{\376\377\167\037\172\172\166\204\203\267\137\227\124\214\155\113\221\317}{subsection.1.4}% 6
\BOOKMARK [3][-]{subsubsection.1.4.2}{\376\377\126\372\117\123\133\371\154\024\117\123\166\204\124\070\226\104\123\312\154\024\117\123\166\204\201\061\226\104}{subsection.1.4}% 7
\BOOKMARK [3][-]{subsubsection.1.4.3}{\376\377\154\024\117\123\145\076\165\065\060\001\173\111\171\273\133\120\117\123\124\214\136\025\220\242\133\232\137\213}{subsection.1.4}% 8
\BOOKMARK [2][-]{subsection.1.5}{\376\377\126\333\147\201\215\050\214\061\116\352}{section.1}% 9
\BOOKMARK [1][-]{section.2}{\376\377\133\236\232\214\153\145\232\244\116\016\213\260\137\125}{}% 10
\BOOKMARK [2][-]{subsection.2.1}{\376\377\133\236\232\214\121\205\133\271}{section.2}% 11
\BOOKMARK [3][-]{subsubsection.2.1.1}{\376\377\117\177\165\050\147\072\150\260\154\365\124\214\122\006\133\120\154\365\203\267\137\227\232\330\167\037\172\172\060\002}{subsection.2.1}% 12
\BOOKMARK [3][-]{subsubsection.2.1.2}{\376\377\232\214\213\301\136\025\220\242\133\232\137\213}{subsection.2.1}% 13
\BOOKMARK [3][-]{subsubsection.2.1.3}{\376\377\203\267\137\227\173\111\171\273\133\120\117\123\127\372\147\054\123\302\145\160}{subsection.2.1}% 14
\BOOKMARK [3][-]{subsubsection.2.1.4}{\376\377\155\113\213\325\116\015\124\014\147\120\145\231\201\061\154\024\140\047\215\050}{subsection.2.1}% 15
\BOOKMARK [3][-]{subsubsection.2.1.5}{\376\377\170\024\172\166\126\333\147\201\165\065\127\072\162\171\140\047\123\312\121\166\116\055\171\273\133\120\217\320\122\250\145\271\172\013\377\014\143\242\213\250\126\333\147\201\215\050\214\061\116\352\135\345\117\134\123\237\164\006}{subsection.2.1}% 16
\BOOKMARK [2][-]{subsection.2.2}{\376\377\133\236\232\214\116\055\220\107\122\060\166\204\225\356\230\230\213\260\137\125}{section.2}% 17
\BOOKMARK [1][-]{section.3}{\376\377\122\006\147\220\116\016\213\250\213\272}{}% 18
\BOOKMARK [2][-]{subsection.3.1}{\376\377\126\333\147\201\215\050\214\061\116\352\123\237\164\006\166\204\155\361\121\145\170\024\172\166}{section.3}% 19
\BOOKMARK [3][-]{subsubsection.3.1.1}{\376\377\000M\000a\000t\000h\000i\000e\000u\000\040\145\271\172\013}{subsection.3.1}% 20
\BOOKMARK [3][-]{subsubsection.3.1.2}{\376\377\127\372\147\054\211\343\166\204\151\202\137\365}{subsection.3.1}% 21
\BOOKMARK [3][-]{subsubsection.3.1.3}{\376\377\145\271\172\013\166\204\000F\000l\000o\000q\000u\000e\000t\211\343}{subsection.3.1}% 22
\BOOKMARK [3][-]{subsubsection.3.1.4}{\376\377\000F\000l\000o\000q\000u\000e\000t\211\343\116\016\221\317\133\120\122\233\133\146\116\055\166\204\000B\000l\000o\000c\000h\133\232\164\006}{subsection.3.1}% 23
\BOOKMARK [3][-]{subsubsection.3.1.5}{\376\377\000M\000a\000t\000h\000i\000e\000u\145\271\172\013\166\204\124\150\147\037\211\343}{subsection.3.1}% 24
\BOOKMARK [2][-]{subsection.3.2}{\376\377\133\236\232\214\124\016\140\035\200\003\230\230}{section.3}% 25
