\BOOKMARK [1][-]{section.1}{\376\377\133\236\232\214\123\237\164\006\116\016\145\271\150\110}{}% 1
\BOOKMARK [2][-]{subsection.1.1}{\376\377\133\236\232\214\166\356\166\204}{section.1}% 2
\BOOKMARK [2][-]{subsection.1.2}{\376\377\116\352\126\150\165\050\121\167}{section.1}% 3
\BOOKMARK [2][-]{subsection.1.3}{\376\377\133\236\232\214\133\211\121\150\154\350\141\017\116\213\230\171}{section.1}% 4
\BOOKMARK [2][-]{subsection.1.4}{\376\377\133\236\232\214\123\237\164\006}{section.1}% 5
\BOOKMARK [3][-]{subsubsection.1.4.1}{\376\377\126\152\130\360\166\204\133\232\116\111\123\312\145\160\133\146\143\317\217\360}{subsection.1.4}% 6
\BOOKMARK [3][-]{subsubsection.1.4.2}{\376\377\156\344\154\342\154\325}{subsection.1.4}% 7
\BOOKMARK [3][-]{subsubsection.1.4.3}{\376\377\226\366\117\115\154\325}{subsection.1.4}% 8
\BOOKMARK [3][-]{subsubsection.1.4.4}{\376\377\225\001\166\370\145\076\131\047\154\325}{subsection.1.4}% 9
\BOOKMARK [3][-]{subsubsection.1.4.5}{\376\377\135\345\117\134\123\237\164\006}{subsection.1.4}% 10
\BOOKMARK [2][-]{subsection.1.5}{\376\377\133\236\232\214\122\115\140\035\200\003\230\230}{section.1}% 11
\BOOKMARK [3][-]{subsubsection.1.5.1}{\376\377\133\236\232\214\116\000}{subsection.1.5}% 12
\BOOKMARK [3][-]{subsubsection.1.5.2}{\376\377\133\236\232\214\116\214}{subsection.1.5}% 13
\BOOKMARK [1][-]{section.2}{\376\377\133\236\232\214\153\145\232\244\116\016\213\260\137\125}{}% 14
\BOOKMARK [2][-]{subsection.2.1}{\376\377\133\236\232\214\121\205\133\271\060\001\153\145\232\244\060\001\176\323\147\234}{section.2}% 15
\BOOKMARK [3][-]{subsubsection.2.1.1}{\376\377\225\001\166\370\145\076\131\047\126\150\166\204\127\372\147\054\144\315\117\134\124\214\127\372\147\054\123\302\145\160}{subsection.2.1}% 16
\BOOKMARK [2][-]{subsection.2.2}{\376\377\225\001\166\370\145\076\131\047\126\150\166\204\127\372\147\054\144\315\117\134\124\214\127\372\147\054\123\302\145\160\040\024\040\024\135\345\117\134\123\237\164\006\166\204\117\123\232\214}{section.2}% 17
\BOOKMARK [3][-]{subsubsection.2.2.1}{\376\377\155\113\221\317\117\341\123\367\000R\060\001\060\001\000X\000\040\116\345\123\312\000\040\000Y\000\040\120\074\377\014\136\166\232\214\213\301\133\203\116\354\116\113\225\364\166\204\121\163\174\373}{subsection.2.2}% 18
\BOOKMARK [3][-]{subsubsection.2.2.2}{\376\377\116\015\124\014\145\366\225\364\136\070\145\160\060\001\226\141\226\115\060\001\122\250\140\001\120\250\131\007\116\013\211\302\155\113\156\344\154\342\126\150\145\110\147\234}{subsection.2.2}% 19
\BOOKMARK [3][-]{subsubsection.2.2.3}{\376\377\122\066\133\232\145\271\150\110\377\014\211\302\155\113\116\015\124\014\145\366\225\364\136\070\145\160\116\013\377\014\217\223\121\372\117\341\123\367\133\371\217\223\121\145\117\341\123\367\123\330\123\026\166\204\124\315\136\224\060\002}{subsection.2.2}% 20
\BOOKMARK [2][-]{subsection.2.3}{\376\377\137\072\126\152\130\360\200\314\146\157\116\013\166\204\137\061\117\341\123\367\150\300\155\113\040\024\040\024\136\224\165\050\117\123\232\214}{section.2}% 21
\BOOKMARK [3][-]{subsubsection.2.3.1}{\376\377\165\050\171\072\154\342\126\150\211\302\133\337\145\131\133\146\133\236\232\214\173\261\126\152\130\360\123\321\165\037\126\150\217\223\121\372\166\204\126\152\130\360\146\057\124\046\166\175\126\152\130\360\377\037\213\260\137\125\145\366\127\337\124\214\230\221\127\337\166\204\126\376\214\061\147\145\213\364\146\016\060\002}{subsection.2.3}% 22
\BOOKMARK [3][-]{subsubsection.2.3.2}{\376\377\116\015\124\014\166\204\126\152\130\360\154\064\136\163\116\013\377\014\200\003\133\337\000\040\000O\000E\0001\0000\0002\0002\000\040\131\202\117\125\220\011\165\050\124\010\220\002\166\204\122\250\140\001\120\250\131\007\155\113\221\317\117\341\123\367\377\037}{subsection.2.3}% 23
\BOOKMARK [3][-]{subsubsection.2.3.3}{\376\377\153\324\217\203\000\040\000O\000E\0001\0000\0002\0002\000\040\116\016\171\072\154\342\126\150\133\371\116\015\124\014\117\341\123\367\137\072\136\246\124\214\117\341\126\152\153\324\166\204\155\113\221\317\176\323\147\234}{subsection.2.3}% 24
\BOOKMARK [2][-]{subsection.2.4}{\376\377\133\236\232\214\217\307\172\013\116\055\220\107\122\060\166\204\225\356\230\230\213\260\137\125}{section.2}% 25
\BOOKMARK [1][-]{section.3}{\376\377\122\006\147\220\116\016\213\250\213\272}{}% 26
\BOOKMARK [2][-]{subsection.3.1}{\376\377\133\236\232\214\124\016\140\035\200\003\230\230}{section.3}% 27
