\BOOKMARK [1][-]{section.1}{\376\377\133\236\232\214\123\237\164\006\116\016\145\271\150\110}{}% 1
\BOOKMARK [2][-]{subsection.1.1}{\376\377\133\236\232\214\166\356\166\204}{section.1}% 2
\BOOKMARK [2][-]{subsection.1.2}{\376\377\133\236\232\214\133\211\121\150\154\350\141\017\116\213\230\171}{section.1}% 3
\BOOKMARK [2][-]{subsection.1.3}{\376\377\116\352\126\150\165\050\121\167}{section.1}% 4
\BOOKMARK [2][-]{subsection.1.4}{\376\377\133\236\232\214\200\314\146\157}{section.1}% 5
\BOOKMARK [3][-]{subsubsection.1.4.1}{\376\377\000C\000C\000D\173\200\116\313}{subsection.1.4}% 6
\BOOKMARK [3][-]{subsubsection.1.4.2}{\376\377\000C\000C\000D\176\323\147\204\116\016\123\237\164\006}{subsection.1.4}% 7
\BOOKMARK [3][-]{subsubsection.1.4.3}{\376\377\000C\000C\000D\166\204\136\224\165\050}{subsection.1.4}% 8
\BOOKMARK [2][-]{subsection.1.5}{\376\377\133\236\232\214\123\237\164\006}{section.1}% 9
\BOOKMARK [2][-]{subsection.1.6}{\376\377\133\236\232\214\122\115\140\035\200\003\230\230}{section.1}% 10
\BOOKMARK [1][-]{section.2}{\376\377\133\236\232\214\153\145\232\244\116\016\213\260\137\125}{}% 11
\BOOKMARK [2][-]{subsection.2.1}{\376\377\133\236\232\214\121\205\133\271}{section.2}% 12
\BOOKMARK [3][-]{subsubsection.2.1.1}{\376\377\176\277\226\065\000\040\000C\000C\000D\000\040\232\161\122\250\123\312\121\166\162\171\140\047\155\113\221\317}{subsection.2.1}% 13
\BOOKMARK [3][-]{subsubsection.2.1.2}{\376\377\122\051\165\050\176\277\226\065\000C\000C\000D\155\113\221\317\135\345\116\366\166\364\137\204\124\214\211\322\117\115\177\156}{subsection.2.1}% 14
\BOOKMARK [3][-]{subsubsection.2.1.3}{\376\377\227\142\226\065\000C\000C\000D\232\161\122\250\123\312\162\171\140\047\155\113\221\317\377\010\220\011\120\132\377\011}{subsection.2.1}% 15
\BOOKMARK [3][-]{subsubsection.2.1.4}{\376\377\227\142\226\065\000\040\000C\000C\000D\000\040\126\376\120\317\221\307\226\306\060\001\217\320\173\227\124\214\230\234\202\162\131\004\164\006}{subsection.2.1}% 16
\BOOKMARK [3][-]{subsubsection.2.1.5}{\376\377\122\051\165\050\227\142\226\065\000\040\000C\000C\000D\000\040\155\113\221\317\135\345\116\366\116\214\176\364\134\072\133\370}{subsection.2.1}% 17
\BOOKMARK [2][-]{subsection.2.2}{\376\377\133\236\232\214\123\237\131\313\145\160\143\156}{section.2}% 18
\BOOKMARK [2][-]{subsection.2.3}{\376\377\133\236\232\214\176\323\147\137\124\016\166\204\145\131\136\010\173\176\124\015}{section.2}% 19
\BOOKMARK [2][-]{subsection.2.4}{\376\377\133\236\232\214\116\055\220\107\122\060\166\204\225\356\230\230\213\260\137\125}{section.2}% 20
\BOOKMARK [1][-]{section.3}{\376\377\122\006\147\220\116\016\213\250\213\272}{}% 21
\BOOKMARK [2][-]{subsection.3.1}{\376\377\176\277\226\065\000C\000C\000D\232\161\122\250\123\312\121\166\162\171\140\047\155\113\221\317}{section.3}% 22
\BOOKMARK [2][-]{subsection.3.2}{\376\377\135\345\116\366\166\364\137\204\124\214\211\322\117\115\171\373\155\113\221\317\133\236\232\214}{section.3}% 23
\BOOKMARK [3][-]{subsubsection.3.2.1}{\376\377\135\345\116\366\166\364\137\204\166\204\155\113\221\317}{subsection.3.2}% 24
\BOOKMARK [3][-]{subsubsection.3.2.2}{\376\377\211\322\117\115\177\156\155\113\221\317\133\236\232\214}{subsection.3.2}% 25
\BOOKMARK [2][-]{subsection.3.3}{\376\377\227\142\226\065\000C\000C\000D\126\376\120\317\221\307\226\306\060\001\217\320\173\227\124\214\230\234\202\162\131\004\164\006}{section.3}% 26
\BOOKMARK [2][-]{subsection.3.4}{\376\377\122\051\165\050\227\142\226\065\000C\000C\000D\155\113\221\317\135\345\116\366\116\214\176\364\134\072\133\370}{section.3}% 27
\BOOKMARK [2][-]{subsection.3.5}{\376\377\133\236\232\214\142\245\124\112\140\035\200\003\230\230}{section.3}% 28
