\BOOKMARK [1][-]{section.1}{\376\377\133\236\232\214\123\237\164\006\116\016\145\271\150\110}{}% 1
\BOOKMARK [2][-]{subsection.1.1}{\376\377\133\236\232\214\166\356\166\204}{section.1}% 2
\BOOKMARK [2][-]{subsection.1.2}{\376\377\116\352\126\150\165\050\121\167}{section.1}% 3
\BOOKMARK [2][-]{subsection.1.3}{\376\377\133\236\232\214\133\211\121\150\154\350\141\017\116\213\230\171}{section.1}% 4
\BOOKMARK [2][-]{subsection.1.4}{\376\377\133\236\232\214\123\237\164\006}{section.1}% 5
\BOOKMARK [3][-]{subsubsection.1.4.1}{\376\377\150\070\170\301\121\161\143\057\166\204\221\317\133\120\143\317\217\360}{subsection.1.4}% 6
\BOOKMARK [3][-]{subsubsection.1.4.2}{\376\377\150\070\170\301\121\161\143\057\166\204\133\217\211\302\143\317\217\360}{subsection.1.4}% 7
\BOOKMARK [3][-]{subsubsection.1.4.3}{\376\377\150\300\155\113\145\271\154\325}{subsection.1.4}% 8
\BOOKMARK [3][-]{subsubsection.1.4.4}{\376\377\152\052\124\021\137\033\214\153\145\366\225\364\166\204\211\302\155\113}{subsection.1.4}% 9
\BOOKMARK [3][-]{subsubsection.1.4.5}{\376\377\210\305\177\156\116\313\176\315}{subsection.1.4}% 10
\BOOKMARK [3][-]{subsubsection.1.4.6}{\376\377\133\236\232\214\122\115\140\035\200\003\230\230}{subsection.1.4}% 11
\BOOKMARK [1][-]{section.2}{\376\377\133\236\232\214\153\145\232\244\116\016\213\260\137\125}{}% 12
\BOOKMARK [2][-]{subsection.2.1}{\376\377\133\236\232\214\153\145\232\244\116\016\176\323\147\234}{section.2}% 13
\BOOKMARK [3][-]{subsubsection.2.1.1}{\376\377\211\302\133\337\154\064\124\214\200\132\126\333\154\037\116\131\160\357\150\067\124\301\166\204\150\070\170\301\121\161\143\057\117\341\123\367\377\014\122\006\122\053\155\113\133\232\154\064\124\214\200\132\126\333\154\037\116\131\160\357\116\055\154\042\150\070\060\001\154\037\150\070\166\204\145\313\170\301\153\324}{subsection.2.1}% 14
\BOOKMARK [3][-]{subsubsection.2.1.2}{\376\377\127\372\116\216\135\362\167\345\154\042\150\070\145\313\170\301\153\324\123\302\145\160\377\014\122\051\165\050\150\070\170\301\121\161\143\057\154\325\174\276\170\156\155\113\221\317\172\063\140\122\170\301\127\072\124\214\142\153\143\317\170\301\127\072\131\047\134\017\377\014\136\166\217\333\116\000\153\145\155\113\133\232\170\301\224\301\166\204\170\301\156\336\126\336\176\277}{subsection.2.1}% 15
\BOOKMARK [3][-]{subsubsection.2.1.3}{\376\377\117\060\155\113\126\372\140\001\200\132\126\333\154\037\116\131\160\357\150\067\124\301\116\055\154\037\150\070\166\204\232\160\214\153\145\366\225\364}{subsection.2.1}% 16
\BOOKMARK [3][-]{subsubsection.2.1.4}{\376\377\211\302\133\337\230\172\170\301\171\273\133\120\155\123\136\246\133\371\137\033\214\153\145\366\225\364\137\161\124\315\377\014\123\072\122\006\116\015\124\014\154\064\150\067\124\301\377\010\220\011\120\132\377\011}{subsection.2.1}% 17
\BOOKMARK [2][-]{subsection.2.2}{\376\377\133\236\232\214\217\307\172\013\220\107\122\060\225\356\230\230\213\260\137\125}{section.2}% 18
\BOOKMARK [1][-]{section.3}{\376\377\122\006\147\220\116\016\213\250\213\272}{}% 19
\BOOKMARK [2][-]{subsection.3.1}{\376\377\211\302\133\337\154\064\124\214\200\132\126\333\154\037\116\131\160\357\150\067\124\301\166\204\150\070\170\301\121\161\143\057\117\341\123\367\377\014\122\006\122\053\155\113\133\232\154\064\124\214\200\132\126\333\154\037\116\131\160\357\116\055\154\042\150\070\060\001\154\037\150\070\166\204\145\313\170\301\153\324}{section.3}% 20
\BOOKMARK [2][-]{subsection.3.2}{\376\377\127\372\116\216\154\042\150\070\170\301\145\313\153\324\123\302\145\160\377\014\155\113\133\232\150\067\124\301\166\204\170\301\156\336\126\336\176\277}{section.3}% 21
\BOOKMARK [3][-]{subsubsection.3.2.1}{\376\377\120\205\221\314\123\366\123\330\143\142\123\237\164\006}{subsection.3.2}% 22
\BOOKMARK [3][-]{subsubsection.3.2.2}{\376\377\145\071\123\330\116\015\124\014\165\065\155\101\377\014\214\003\202\202\121\161\143\057\117\341\123\367\225\364\215\335\116\072\0001\0000\000m\000s\000,\0002\0000\000m\000s\137\227\122\060\166\204\120\205\221\314\123\366\123\330\143\142\126\376\120\317}{subsection.3.2}% 23
\BOOKMARK [3][-]{subsubsection.3.2.3}{\376\377\213\241\173\227\153\143\137\046\154\342\166\204\230\221\163\207}{subsection.3.2}% 24
\BOOKMARK [3][-]{subsubsection.3.2.4}{\376\377\220\032\217\307\230\221\163\207\213\241\173\227\170\301\141\037\136\224\137\072\136\246\377\014\217\333\200\014\213\241\173\227\170\301\156\336\126\336\176\277}{subsection.3.2}% 25
\BOOKMARK [3][-]{subsubsection.3.2.5}{\376\377\213\241\173\227\116\343\170\001}{subsection.3.2}% 26
\BOOKMARK [2][-]{subsection.3.3}{\376\377\117\060\155\113\126\372\140\001\200\132\126\333\154\037\116\131\160\357\150\067\124\301\116\055\154\037\150\070\166\204\137\033\214\153\145\366\225\364}{section.3}% 27
\BOOKMARK [3][-]{subsubsection.3.3.1}{\376\377\137\033\214\153\145\366\225\364\166\204\213\241\173\227}{subsection.3.3}% 28
\BOOKMARK [3][-]{subsubsection.3.3.2}{\376\377\213\241\173\227\116\343\170\001}{subsection.3.3}% 29
\BOOKMARK [2][-]{subsection.3.4}{\376\377\000\050\220\011\120\132\000\051\211\302\133\337\230\172\170\301\171\273\133\120\155\123\136\246\133\371\137\033\214\153\145\366\225\364\137\161\124\315\377\014\123\072\122\006\116\015\124\014\154\064\150\067\124\301}{section.3}% 30
\BOOKMARK [2][-]{subsection.3.5}{\376\377\145\131\136\010\173\176\124\015}{section.3}% 31
